15:00:49:132  INFO 19060 --- [main] com.user.UserApplication                 : No active profile set, falling back to 1 default profile: "default"
15:00:49:481  INFO 19060 --- [main] .s.d.r.c.RepositoryConfigurationDelegate : Multiple Spring Data modules found, entering strict repository configuration mode
15:00:49:483  INFO 19060 --- [main] .s.d.r.c.RepositoryConfigurationDelegate : Bootstrapping Spring Data Redis repositories in DEFAULT mode.
15:00:49:494  INFO 19060 --- [main] .s.d.r.c.RepositoryConfigurationDelegate : Finished Spring Data repository scanning in 4 ms. Found 0 Redis repository interfaces.
15:00:49:624  INFO 19060 --- [main] o.s.cloud.context.scope.GenericScope     : BeanFactory id=779cf9c7-3f8d-3f40-8954-e792c6550341
15:00:50:633  WARN 19060 --- [main] s.c.a.AnnotationConfigApplicationContext : Exception encountered during context initialization - cancelling refresh attempt: org.springframework.beans.factory.BeanCreationException: Error creating bean with name 'userController': Injection of resource dependencies failed; nested exception is org.springframework.beans.factory.UnsatisfiedDependencyException: Error creating bean with name 'userServiceImpl' defined in file [C:\Users\12080\IdeaProjects\work\user-service\target\classes\com\user\service\impl\UserServiceImpl.class]: Unsatisfied dependency expressed through constructor parameter 2; nested exception is org.springframework.beans.factory.UnsatisfiedDependencyException: Error creating bean with name 'jwtTool' defined in file [C:\Users\12080\IdeaProjects\work\user-service\target\classes\com\user\utils\JwtTool.class]: Unsatisfied dependency expressed through constructor parameter 0; nested exception is org.springframework.beans.factory.BeanCreationException: Error creating bean with name 'keyPair' defined in class path resource [com/user/config/SecurityConfig.class]: Bean instantiation via factory method failed; nested exception is org.springframework.beans.BeanInstantiationException: Failed to instantiate [java.security.KeyPair]: Factory method 'keyPair' threw exception; nested exception is java.lang.IllegalStateException: Cannot load keys from store: class path resource [work.jks]
15:00:50:638  INFO 19060 --- [main] ConditionEvaluationReportLoggingListener : 

Error starting ApplicationContext. To display the conditions report re-run your application with 'debug' enabled.
15:00:50:655 ERROR 19060 --- [main] o.s.boot.SpringApplication               : Application run failed

org.springframework.beans.factory.BeanCreationException: Error creating bean with name 'userController': Injection of resource dependencies failed; nested exception is org.springframework.beans.factory.UnsatisfiedDependencyException: Error creating bean with name 'userServiceImpl' defined in file [C:\Users\12080\IdeaProjects\work\user-service\target\classes\com\user\service\impl\UserServiceImpl.class]: Unsatisfied dependency expressed through constructor parameter 2; nested exception is org.springframework.beans.factory.UnsatisfiedDependencyException: Error creating bean with name 'jwtTool' defined in file [C:\Users\12080\IdeaProjects\work\user-service\target\classes\com\user\utils\JwtTool.class]: Unsatisfied dependency expressed through constructor parameter 0; nested exception is org.springframework.beans.factory.BeanCreationException: Error creating bean with name 'keyPair' defined in class path resource [com/user/config/SecurityConfig.class]: Bean instantiation via factory method failed; nested exception is org.springframework.beans.BeanInstantiationException: Failed to instantiate [java.security.KeyPair]: Factory method 'keyPair' threw exception; nested exception is java.lang.IllegalStateException: Cannot load keys from store: class path resource [work.jks]
	at org.springframework.context.annotation.CommonAnnotationBeanPostProcessor.postProcessProperties(CommonAnnotationBeanPostProcessor.java:332) ~[spring-context-5.3.27.jar:5.3.27]
	at org.springframework.beans.factory.support.AbstractAutowireCapableBeanFactory.populateBean(AbstractAutowireCapableBeanFactory.java:1431) ~[spring-beans-5.3.27.jar:5.3.27]
	at org.springframework.beans.factory.support.AbstractAutowireCapableBeanFactory.doCreateBean(AbstractAutowireCapableBeanFactory.java:619) ~[spring-beans-5.3.27.jar:5.3.27]
	at org.springframework.beans.factory.support.AbstractAutowireCapableBeanFactory.createBean(AbstractAutowireCapableBeanFactory.java:542) ~[spring-beans-5.3.27.jar:5.3.27]
	at org.springframework.beans.factory.support.AbstractBeanFactory.lambda$doGetBean$0(AbstractBeanFactory.java:335) ~[spring-beans-5.3.27.jar:5.3.27]
	at org.springframework.beans.factory.support.DefaultSingletonBeanRegistry.getSingleton(DefaultSingletonBeanRegistry.java:234) ~[spring-beans-5.3.27.jar:5.3.27]
	at org.springframework.beans.factory.support.AbstractBeanFactory.doGetBean(AbstractBeanFactory.java:333) ~[spring-beans-5.3.27.jar:5.3.27]
	at org.springframework.beans.factory.support.AbstractBeanFactory.getBean(AbstractBeanFactory.java:208) ~[spring-beans-5.3.27.jar:5.3.27]
	at org.springframework.beans.factory.support.DefaultListableBeanFactory.preInstantiateSingletons(DefaultListableBeanFactory.java:955) ~[spring-beans-5.3.27.jar:5.3.27]
	at org.springframework.context.support.AbstractApplicationContext.finishBeanFactoryInitialization(AbstractApplicationContext.java:920) ~[spring-context-5.3.27.jar:5.3.27]
	at org.springframework.context.support.AbstractApplicationContext.refresh(AbstractApplicationContext.java:583) ~[spring-context-5.3.27.jar:5.3.27]
	at org.springframework.boot.SpringApplication.refresh(SpringApplication.java:731) ~[spring-boot-2.7.12.jar:2.7.12]
	at org.springframework.boot.SpringApplication.refreshContext(SpringApplication.java:408) ~[spring-boot-2.7.12.jar:2.7.12]
	at org.springframework.boot.SpringApplication.run(SpringApplication.java:307) ~[spring-boot-2.7.12.jar:2.7.12]
	at org.springframework.boot.SpringApplication.run(SpringApplication.java:1303) ~[spring-boot-2.7.12.jar:2.7.12]
	at org.springframework.boot.SpringApplication.run(SpringApplication.java:1292) ~[spring-boot-2.7.12.jar:2.7.12]
	at com.user.UserApplication.main(UserApplication.java:17) ~[classes/:na]
Caused by: org.springframework.beans.factory.UnsatisfiedDependencyException: Error creating bean with name 'userServiceImpl' defined in file [C:\Users\12080\IdeaProjects\work\user-service\target\classes\com\user\service\impl\UserServiceImpl.class]: Unsatisfied dependency expressed through constructor parameter 2; nested exception is org.springframework.beans.factory.UnsatisfiedDependencyException: Error creating bean with name 'jwtTool' defined in file [C:\Users\12080\IdeaProjects\work\user-service\target\classes\com\user\utils\JwtTool.class]: Unsatisfied dependency expressed through constructor parameter 0; nested exception is org.springframework.beans.factory.BeanCreationException: Error creating bean with name 'keyPair' defined in class path resource [com/user/config/SecurityConfig.class]: Bean instantiation via factory method failed; nested exception is org.springframework.beans.BeanInstantiationException: Failed to instantiate [java.security.KeyPair]: Factory method 'keyPair' threw exception; nested exception is java.lang.IllegalStateException: Cannot load keys from store: class path resource [work.jks]
	at org.springframework.beans.factory.support.ConstructorResolver.createArgumentArray(ConstructorResolver.java:800) ~[spring-beans-5.3.27.jar:5.3.27]
	at org.springframework.beans.factory.support.ConstructorResolver.autowireConstructor(ConstructorResolver.java:229) ~[spring-beans-5.3.27.jar:5.3.27]
	at org.springframework.beans.factory.support.AbstractAutowireCapableBeanFactory.autowireConstructor(AbstractAutowireCapableBeanFactory.java:1372) ~[spring-beans-5.3.27.jar:5.3.27]
	at org.springframework.beans.factory.support.AbstractAutowireCapableBeanFactory.createBeanInstance(AbstractAutowireCapableBeanFactory.java:1222) ~[spring-beans-5.3.27.jar:5.3.27]
	at org.springframework.beans.factory.support.AbstractAutowireCapableBeanFactory.doCreateBean(AbstractAutowireCapableBeanFactory.java:582) ~[spring-beans-5.3.27.jar:5.3.27]
	at org.springframework.beans.factory.support.AbstractAutowireCapableBeanFactory.createBean(AbstractAutowireCapableBeanFactory.java:542) ~[spring-beans-5.3.27.jar:5.3.27]
	at org.springframework.beans.factory.support.AbstractBeanFactory.lambda$doGetBean$0(AbstractBeanFactory.java:335) ~[spring-beans-5.3.27.jar:5.3.27]
	at org.springframework.beans.factory.support.DefaultSingletonBeanRegistry.getSingleton(DefaultSingletonBeanRegistry.java:234) ~[spring-beans-5.3.27.jar:5.3.27]
	at org.springframework.beans.factory.support.AbstractBeanFactory.doGetBean(AbstractBeanFactory.java:333) ~[spring-beans-5.3.27.jar:5.3.27]
	at org.springframework.beans.factory.support.AbstractBeanFactory.getBean(AbstractBeanFactory.java:208) ~[spring-beans-5.3.27.jar:5.3.27]
	at org.springframework.beans.factory.config.DependencyDescriptor.resolveCandidate(DependencyDescriptor.java:276) ~[spring-beans-5.3.27.jar:5.3.27]
	at org.springframework.beans.factory.support.DefaultListableBeanFactory.doResolveDependency(DefaultListableBeanFactory.java:1391) ~[spring-beans-5.3.27.jar:5.3.27]
	at org.springframework.beans.factory.support.DefaultListableBeanFactory.resolveDependency(DefaultListableBeanFactory.java:1311) ~[spring-beans-5.3.27.jar:5.3.27]
	at org.springframework.context.annotation.CommonAnnotationBeanPostProcessor.autowireResource(CommonAnnotationBeanPostProcessor.java:544) ~[spring-context-5.3.27.jar:5.3.27]
	at org.springframework.context.annotation.CommonAnnotationBeanPostProcessor.getResource(CommonAnnotationBeanPostProcessor.java:520) ~[spring-context-5.3.27.jar:5.3.27]
	at org.springframework.context.annotation.CommonAnnotationBeanPostProcessor$ResourceElement.getResourceToInject(CommonAnnotationBeanPostProcessor.java:673) ~[spring-context-5.3.27.jar:5.3.27]
	at org.springframework.beans.factory.annotation.InjectionMetadata$InjectedElement.inject(InjectionMetadata.java:228) ~[spring-beans-5.3.27.jar:5.3.27]
	at org.springframework.beans.factory.annotation.InjectionMetadata.inject(InjectionMetadata.java:119) ~[spring-beans-5.3.27.jar:5.3.27]
	at org.springframework.context.annotation.CommonAnnotationBeanPostProcessor.postProcessProperties(CommonAnnotationBeanPostProcessor.java:329) ~[spring-context-5.3.27.jar:5.3.27]
	... 16 common frames omitted
Caused by: org.springframework.beans.factory.UnsatisfiedDependencyException: Error creating bean with name 'jwtTool' defined in file [C:\Users\12080\IdeaProjects\work\user-service\target\classes\com\user\utils\JwtTool.class]: Unsatisfied dependency expressed through constructor parameter 0; nested exception is org.springframework.beans.factory.BeanCreationException: Error creating bean with name 'keyPair' defined in class path resource [com/user/config/SecurityConfig.class]: Bean instantiation via factory method failed; nested exception is org.springframework.beans.BeanInstantiationException: Failed to instantiate [java.security.KeyPair]: Factory method 'keyPair' threw exception; nested exception is java.lang.IllegalStateException: Cannot load keys from store: class path resource [work.jks]
	at org.springframework.beans.factory.support.ConstructorResolver.createArgumentArray(ConstructorResolver.java:800) ~[spring-beans-5.3.27.jar:5.3.27]
	at org.springframework.beans.factory.support.ConstructorResolver.autowireConstructor(ConstructorResolver.java:229) ~[spring-beans-5.3.27.jar:5.3.27]
	at org.springframework.beans.factory.support.AbstractAutowireCapableBeanFactory.autowireConstructor(AbstractAutowireCapableBeanFactory.java:1372) ~[spring-beans-5.3.27.jar:5.3.27]
	at org.springframework.beans.factory.support.AbstractAutowireCapableBeanFactory.createBeanInstance(AbstractAutowireCapableBeanFactory.java:1222) ~[spring-beans-5.3.27.jar:5.3.27]
	at org.springframework.beans.factory.support.AbstractAutowireCapableBeanFactory.doCreateBean(AbstractAutowireCapableBeanFactory.java:582) ~[spring-beans-5.3.27.jar:5.3.27]
	at org.springframework.beans.factory.support.AbstractAutowireCapableBeanFactory.createBean(AbstractAutowireCapableBeanFactory.java:542) ~[spring-beans-5.3.27.jar:5.3.27]
	at org.springframework.beans.factory.support.AbstractBeanFactory.lambda$doGetBean$0(AbstractBeanFactory.java:335) ~[spring-beans-5.3.27.jar:5.3.27]
	at org.springframework.beans.factory.support.DefaultSingletonBeanRegistry.getSingleton(DefaultSingletonBeanRegistry.java:234) ~[spring-beans-5.3.27.jar:5.3.27]
	at org.springframework.beans.factory.support.AbstractBeanFactory.doGetBean(AbstractBeanFactory.java:333) ~[spring-beans-5.3.27.jar:5.3.27]
	at org.springframework.beans.factory.support.AbstractBeanFactory.getBean(AbstractBeanFactory.java:208) ~[spring-beans-5.3.27.jar:5.3.27]
	at org.springframework.beans.factory.config.DependencyDescriptor.resolveCandidate(DependencyDescriptor.java:276) ~[spring-beans-5.3.27.jar:5.3.27]
	at org.springframework.beans.factory.support.DefaultListableBeanFactory.doResolveDependency(DefaultListableBeanFactory.java:1391) ~[spring-beans-5.3.27.jar:5.3.27]
	at org.springframework.beans.factory.support.DefaultListableBeanFactory.resolveDependency(DefaultListableBeanFactory.java:1311) ~[spring-beans-5.3.27.jar:5.3.27]
	at org.springframework.beans.factory.support.ConstructorResolver.resolveAutowiredArgument(ConstructorResolver.java:887) ~[spring-beans-5.3.27.jar:5.3.27]
	at org.springframework.beans.factory.support.ConstructorResolver.createArgumentArray(ConstructorResolver.java:791) ~[spring-beans-5.3.27.jar:5.3.27]
	... 34 common frames omitted
Caused by: org.springframework.beans.factory.BeanCreationException: Error creating bean with name 'keyPair' defined in class path resource [com/user/config/SecurityConfig.class]: Bean instantiation via factory method failed; nested exception is org.springframework.beans.BeanInstantiationException: Failed to instantiate [java.security.KeyPair]: Factory method 'keyPair' threw exception; nested exception is java.lang.IllegalStateException: Cannot load keys from store: class path resource [work.jks]
	at org.springframework.beans.factory.support.ConstructorResolver.instantiate(ConstructorResolver.java:658) ~[spring-beans-5.3.27.jar:5.3.27]
	at org.springframework.beans.factory.support.ConstructorResolver.instantiateUsingFactoryMethod(ConstructorResolver.java:638) ~[spring-beans-5.3.27.jar:5.3.27]
	at org.springframework.beans.factory.support.AbstractAutowireCapableBeanFactory.instantiateUsingFactoryMethod(AbstractAutowireCapableBeanFactory.java:1352) ~[spring-beans-5.3.27.jar:5.3.27]
	at org.springframework.beans.factory.support.AbstractAutowireCapableBeanFactory.createBeanInstance(AbstractAutowireCapableBeanFactory.java:1195) ~[spring-beans-5.3.27.jar:5.3.27]
	at org.springframework.beans.factory.support.AbstractAutowireCapableBeanFactory.doCreateBean(AbstractAutowireCapableBeanFactory.java:582) ~[spring-beans-5.3.27.jar:5.3.27]
	at org.springframework.beans.factory.support.AbstractAutowireCapableBeanFactory.createBean(AbstractAutowireCapableBeanFactory.java:542) ~[spring-beans-5.3.27.jar:5.3.27]
	at org.springframework.beans.factory.support.AbstractBeanFactory.lambda$doGetBean$0(AbstractBeanFactory.java:335) ~[spring-beans-5.3.27.jar:5.3.27]
	at org.springframework.beans.factory.support.DefaultSingletonBeanRegistry.getSingleton(DefaultSingletonBeanRegistry.java:234) ~[spring-beans-5.3.27.jar:5.3.27]
	at org.springframework.beans.factory.support.AbstractBeanFactory.doGetBean(AbstractBeanFactory.java:333) ~[spring-beans-5.3.27.jar:5.3.27]
	at org.springframework.beans.factory.support.AbstractBeanFactory.getBean(AbstractBeanFactory.java:208) ~[spring-beans-5.3.27.jar:5.3.27]
	at org.springframework.beans.factory.config.DependencyDescriptor.resolveCandidate(DependencyDescriptor.java:276) ~[spring-beans-5.3.27.jar:5.3.27]
	at org.springframework.beans.factory.support.DefaultListableBeanFactory.doResolveDependency(DefaultListableBeanFactory.java:1391) ~[spring-beans-5.3.27.jar:5.3.27]
	at org.springframework.beans.factory.support.DefaultListableBeanFactory.resolveDependency(DefaultListableBeanFactory.java:1311) ~[spring-beans-5.3.27.jar:5.3.27]
	at org.springframework.beans.factory.support.ConstructorResolver.resolveAutowiredArgument(ConstructorResolver.java:887) ~[spring-beans-5.3.27.jar:5.3.27]
	at org.springframework.beans.factory.support.ConstructorResolver.createArgumentArray(ConstructorResolver.java:791) ~[spring-beans-5.3.27.jar:5.3.27]
	... 48 common frames omitted
Caused by: org.springframework.beans.BeanInstantiationException: Failed to instantiate [java.security.KeyPair]: Factory method 'keyPair' threw exception; nested exception is java.lang.IllegalStateException: Cannot load keys from store: class path resource [work.jks]
	at org.springframework.beans.factory.support.SimpleInstantiationStrategy.instantiate(SimpleInstantiationStrategy.java:185) ~[spring-beans-5.3.27.jar:5.3.27]
	at org.springframework.beans.factory.support.ConstructorResolver.instantiate(ConstructorResolver.java:653) ~[spring-beans-5.3.27.jar:5.3.27]
	... 62 common frames omitted
Caused by: java.lang.IllegalStateException: Cannot load keys from store: class path resource [work.jks]
	at org.springframework.security.rsa.crypto.KeyStoreKeyFactory.getKeyPair(KeyStoreKeyFactory.java:93) ~[spring-security-rsa-1.0.10.RELEASE.jar:na]
	at com.user.config.SecurityConfig.keyPair(SecurityConfig.java:29) ~[classes/:na]
	at com.user.config.SecurityConfig$$EnhancerBySpringCGLIB$$ee564b78.CGLIB$keyPair$0(<generated>) ~[classes/:na]
	at com.user.config.SecurityConfig$$EnhancerBySpringCGLIB$$ee564b78$$FastClassBySpringCGLIB$$b2bfa271.invoke(<generated>) ~[classes/:na]
	at org.springframework.cglib.proxy.MethodProxy.invokeSuper(MethodProxy.java:244) ~[spring-core-5.3.27.jar:5.3.27]
	at org.springframework.context.annotation.ConfigurationClassEnhancer$BeanMethodInterceptor.intercept(ConfigurationClassEnhancer.java:331) ~[spring-context-5.3.27.jar:5.3.27]
	at com.user.config.SecurityConfig$$EnhancerBySpringCGLIB$$ee564b78.keyPair(<generated>) ~[classes/:na]
	at java.base/jdk.internal.reflect.NativeMethodAccessorImpl.invoke0(Native Method) ~[na:na]
	at java.base/jdk.internal.reflect.NativeMethodAccessorImpl.invoke(NativeMethodAccessorImpl.java:62) ~[na:na]
	at java.base/jdk.internal.reflect.DelegatingMethodAccessorImpl.invoke(DelegatingMethodAccessorImpl.java:43) ~[na:na]
	at java.base/java.lang.reflect.Method.invoke(Method.java:566) ~[na:na]
	at org.springframework.beans.factory.support.SimpleInstantiationStrategy.instantiate(SimpleInstantiationStrategy.java:154) ~[spring-beans-5.3.27.jar:5.3.27]
	... 63 common frames omitted
Caused by: java.io.FileNotFoundException: class path resource [work.jks] cannot be opened because it does not exist
	at org.springframework.core.io.ClassPathResource.getInputStream(ClassPathResource.java:199) ~[spring-core-5.3.27.jar:5.3.27]
	at org.springframework.security.rsa.crypto.KeyStoreKeyFactory.getKeyPair(KeyStoreKeyFactory.java:68) ~[spring-security-rsa-1.0.10.RELEASE.jar:na]
	... 74 common frames omitted

15:00:50:656  WARN 19060 --- [Thread-5] c.a.nacos.common.notify.NotifyCenter     : [NotifyCenter] Start destroying Publisher
15:00:50:656  WARN 19060 --- [Thread-1] c.a.n.common.http.HttpClientBeanHolder   : [HttpClientBeanHolder] Start destroying common HttpClient
15:00:50:657  WARN 19060 --- [Thread-5] c.a.nacos.common.notify.NotifyCenter     : [NotifyCenter] Destruction of the end
15:01:13:487  INFO 35544 --- [main] com.user.UserApplication                 : No active profile set, falling back to 1 default profile: "default"
15:01:13:821  INFO 35544 --- [main] .s.d.r.c.RepositoryConfigurationDelegate : Multiple Spring Data modules found, entering strict repository configuration mode
15:01:13:822  INFO 35544 --- [main] .s.d.r.c.RepositoryConfigurationDelegate : Bootstrapping Spring Data Redis repositories in DEFAULT mode.
15:01:13:837  INFO 35544 --- [main] .s.d.r.c.RepositoryConfigurationDelegate : Finished Spring Data repository scanning in 4 ms. Found 0 Redis repository interfaces.
15:01:13:978  INFO 35544 --- [main] o.s.cloud.context.scope.GenericScope     : BeanFactory id=779cf9c7-3f8d-3f40-8954-e792c6550341
15:01:16:776  INFO 35544 --- [main] com.alibaba.nacos.common.remote.client   : [RpcClientFactory] create a new rpc client of 36b0fdca-1a7b-4d0c-ab3d-c82fce3a3e6a
15:01:16:776  INFO 35544 --- [main] com.alibaba.nacos.common.remote.client   : [36b0fdca-1a7b-4d0c-ab3d-c82fce3a3e6a] RpcClient init label, labels = {module=naming, source=sdk}
15:01:16:778  INFO 35544 --- [main] com.alibaba.nacos.common.remote.client   : [36b0fdca-1a7b-4d0c-ab3d-c82fce3a3e6a] RpcClient init, ServerListFactory = com.alibaba.nacos.client.naming.core.ServerListManager
15:01:16:778  INFO 35544 --- [main] com.alibaba.nacos.common.remote.client   : [36b0fdca-1a7b-4d0c-ab3d-c82fce3a3e6a] Registry connection listener to current client:com.alibaba.nacos.client.naming.remote.gprc.redo.NamingGrpcRedoService
15:01:16:779  INFO 35544 --- [main] com.alibaba.nacos.common.remote.client   : [36b0fdca-1a7b-4d0c-ab3d-c82fce3a3e6a] Register server push request handler:com.alibaba.nacos.client.naming.remote.gprc.NamingPushRequestHandler
15:01:16:779  INFO 35544 --- [main] com.alibaba.nacos.common.remote.client   : [36b0fdca-1a7b-4d0c-ab3d-c82fce3a3e6a] Try to connect to server on start up, server: {serverIp = '192.168.213.208', server main port = 8848}
15:01:16:910  INFO 35544 --- [main] com.alibaba.nacos.common.remote.client   : [36b0fdca-1a7b-4d0c-ab3d-c82fce3a3e6a] Success to connect to server [192.168.213.208:8848] on start up, connectionId = 1717570876794_192.168.208.1_63299
15:01:16:910  INFO 35544 --- [main] com.alibaba.nacos.common.remote.client   : [36b0fdca-1a7b-4d0c-ab3d-c82fce3a3e6a] Register server push request handler:com.alibaba.nacos.common.remote.client.RpcClient$ConnectResetRequestHandler
15:01:16:910  INFO 35544 --- [main] com.alibaba.nacos.common.remote.client   : [36b0fdca-1a7b-4d0c-ab3d-c82fce3a3e6a] Register server push request handler:com.alibaba.nacos.common.remote.client.RpcClient$$Lambda$440/0x0000000800426440
15:01:16:910  INFO 35544 --- [com.alibaba.nacos.client.remote.worker] com.alibaba.nacos.common.remote.client   : [36b0fdca-1a7b-4d0c-ab3d-c82fce3a3e6a] Notify connected event to listeners.
15:01:16:956  INFO 35544 --- [main] com.user.UserApplication                 : Started UserApplication in 5.861 seconds (JVM running for 6.477)
15:01:17:470  INFO 35544 --- [nacos-grpc-client-executor-4] com.alibaba.nacos.common.remote.client   : [36b0fdca-1a7b-4d0c-ab3d-c82fce3a3e6a] Receive server push request, request = NotifySubscriberRequest, requestId = 79
15:01:17:479  INFO 35544 --- [nacos-grpc-client-executor-4] com.alibaba.nacos.common.remote.client   : [36b0fdca-1a7b-4d0c-ab3d-c82fce3a3e6a] Ack server push request, request = NotifySubscriberRequest, requestId = 79
15:08:59:887  WARN 35544 --- [Thread-5] c.a.nacos.common.notify.NotifyCenter     : [NotifyCenter] Start destroying Publisher
15:08:59:888  WARN 35544 --- [Thread-1] c.a.n.common.http.HttpClientBeanHolder   : [HttpClientBeanHolder] Start destroying common HttpClient
15:08:59:888  WARN 35544 --- [Thread-5] c.a.nacos.common.notify.NotifyCenter     : [NotifyCenter] Destruction of the end
15:08:59:888  WARN 35544 --- [Thread-1] c.a.n.common.http.HttpClientBeanHolder   : [HttpClientBeanHolder] Destruction of the end
15:09:00:240  INFO 35544 --- [SpringApplicationShutdownHook] com.alibaba.nacos.common.remote.client   : Shutdown rpc client, set status to shutdown
15:09:00:240  INFO 35544 --- [SpringApplicationShutdownHook] com.alibaba.nacos.common.remote.client   : Shutdown client event executor java.util.concurrent.ScheduledThreadPoolExecutor@6afb07eb[Running, pool size = 2, active threads = 2, queued tasks = 0, completed tasks = 0]
15:09:00:240  INFO 35544 --- [SpringApplicationShutdownHook] com.alibaba.nacos.common.remote.client   : Close current connection 1717570876794_192.168.208.1_63299
15:09:00:242  INFO 35544 --- [nacos-grpc-client-executor-106] c.a.n.c.remote.client.grpc.GrpcClient    : [1717570876794_192.168.208.1_63299]Ignore complete event,isRunning:false,isAbandon=false
15:09:00:243  INFO 35544 --- [SpringApplicationShutdownHook] c.a.n.c.remote.client.grpc.GrpcClient    : Shutdown grpc executor java.util.concurrent.ThreadPoolExecutor@73ca704c[Running, pool size = 4, active threads = 0, queued tasks = 0, completed tasks = 107]
15:09:04:459  INFO 29864 --- [main] com.user.UserApplication                 : No active profile set, falling back to 1 default profile: "default"
15:09:04:776  INFO 29864 --- [main] .s.d.r.c.RepositoryConfigurationDelegate : Multiple Spring Data modules found, entering strict repository configuration mode
15:09:04:777  INFO 29864 --- [main] .s.d.r.c.RepositoryConfigurationDelegate : Bootstrapping Spring Data Redis repositories in DEFAULT mode.
15:09:04:791  INFO 29864 --- [main] .s.d.r.c.RepositoryConfigurationDelegate : Finished Spring Data repository scanning in 4 ms. Found 0 Redis repository interfaces.
15:09:04:917  INFO 29864 --- [main] o.s.cloud.context.scope.GenericScope     : BeanFactory id=779cf9c7-3f8d-3f40-8954-e792c6550341
15:09:07:348  INFO 29864 --- [main] com.alibaba.nacos.common.remote.client   : [RpcClientFactory] create a new rpc client of b197594c-a665-434d-b07b-0c3845c6edf0
15:09:07:349  INFO 29864 --- [main] com.alibaba.nacos.common.remote.client   : [b197594c-a665-434d-b07b-0c3845c6edf0] RpcClient init label, labels = {module=naming, source=sdk}
15:09:07:350  INFO 29864 --- [main] com.alibaba.nacos.common.remote.client   : [b197594c-a665-434d-b07b-0c3845c6edf0] RpcClient init, ServerListFactory = com.alibaba.nacos.client.naming.core.ServerListManager
15:09:07:350  INFO 29864 --- [main] com.alibaba.nacos.common.remote.client   : [b197594c-a665-434d-b07b-0c3845c6edf0] Registry connection listener to current client:com.alibaba.nacos.client.naming.remote.gprc.redo.NamingGrpcRedoService
15:09:07:350  INFO 29864 --- [main] com.alibaba.nacos.common.remote.client   : [b197594c-a665-434d-b07b-0c3845c6edf0] Register server push request handler:com.alibaba.nacos.client.naming.remote.gprc.NamingPushRequestHandler
15:09:07:350  INFO 29864 --- [main] com.alibaba.nacos.common.remote.client   : [b197594c-a665-434d-b07b-0c3845c6edf0] Try to connect to server on start up, server: {serverIp = '192.168.213.208', server main port = 8848}
15:09:07:477  INFO 29864 --- [main] com.alibaba.nacos.common.remote.client   : [b197594c-a665-434d-b07b-0c3845c6edf0] Success to connect to server [192.168.213.208:8848] on start up, connectionId = 1717571347357_192.168.208.1_64066
15:09:07:477  INFO 29864 --- [main] com.alibaba.nacos.common.remote.client   : [b197594c-a665-434d-b07b-0c3845c6edf0] Register server push request handler:com.alibaba.nacos.common.remote.client.RpcClient$ConnectResetRequestHandler
15:09:07:477  INFO 29864 --- [main] com.alibaba.nacos.common.remote.client   : [b197594c-a665-434d-b07b-0c3845c6edf0] Register server push request handler:com.alibaba.nacos.common.remote.client.RpcClient$$Lambda$440/0x0000000800426440
15:09:07:477  INFO 29864 --- [com.alibaba.nacos.client.remote.worker] com.alibaba.nacos.common.remote.client   : [b197594c-a665-434d-b07b-0c3845c6edf0] Notify connected event to listeners.
15:09:07:513  INFO 29864 --- [main] com.user.UserApplication                 : Started UserApplication in 5.538 seconds (JVM running for 6.183)
15:09:08:076  INFO 29864 --- [nacos-grpc-client-executor-4] com.alibaba.nacos.common.remote.client   : [b197594c-a665-434d-b07b-0c3845c6edf0] Receive server push request, request = NotifySubscriberRequest, requestId = 81
15:09:08:085  INFO 29864 --- [nacos-grpc-client-executor-4] com.alibaba.nacos.common.remote.client   : [b197594c-a665-434d-b07b-0c3845c6edf0] Ack server push request, request = NotifySubscriberRequest, requestId = 81
15:09:45:325  WARN 29864 --- [Thread-5] c.a.nacos.common.notify.NotifyCenter     : [NotifyCenter] Start destroying Publisher
15:09:45:325  WARN 29864 --- [Thread-5] c.a.nacos.common.notify.NotifyCenter     : [NotifyCenter] Destruction of the end
15:09:45:325  WARN 29864 --- [Thread-1] c.a.n.common.http.HttpClientBeanHolder   : [HttpClientBeanHolder] Start destroying common HttpClient
15:09:45:325  WARN 29864 --- [Thread-1] c.a.n.common.http.HttpClientBeanHolder   : [HttpClientBeanHolder] Destruction of the end
15:09:45:684  INFO 29864 --- [SpringApplicationShutdownHook] com.alibaba.nacos.common.remote.client   : Shutdown rpc client, set status to shutdown
15:09:45:684  INFO 29864 --- [SpringApplicationShutdownHook] com.alibaba.nacos.common.remote.client   : Shutdown client event executor java.util.concurrent.ScheduledThreadPoolExecutor@52c7e146[Running, pool size = 2, active threads = 2, queued tasks = 0, completed tasks = 0]
15:09:45:684  INFO 29864 --- [SpringApplicationShutdownHook] com.alibaba.nacos.common.remote.client   : Close current connection 1717571347357_192.168.208.1_64066
15:09:45:686  INFO 29864 --- [nacos-grpc-client-executor-15] c.a.n.c.remote.client.grpc.GrpcClient    : [1717571347357_192.168.208.1_64066]Ignore complete event,isRunning:false,isAbandon=false
15:09:45:687  INFO 29864 --- [SpringApplicationShutdownHook] c.a.n.c.remote.client.grpc.GrpcClient    : Shutdown grpc executor java.util.concurrent.ThreadPoolExecutor@3470c0f3[Running, pool size = 4, active threads = 0, queued tasks = 0, completed tasks = 16]
15:10:24:021  INFO 12012 --- [main] com.user.UserApplication                 : No active profile set, falling back to 1 default profile: "default"
15:10:24:422  INFO 12012 --- [main] .s.d.r.c.RepositoryConfigurationDelegate : Multiple Spring Data modules found, entering strict repository configuration mode
15:10:24:423  INFO 12012 --- [main] .s.d.r.c.RepositoryConfigurationDelegate : Bootstrapping Spring Data Redis repositories in DEFAULT mode.
15:10:24:440  INFO 12012 --- [main] .s.d.r.c.RepositoryConfigurationDelegate : Finished Spring Data repository scanning in 5 ms. Found 0 Redis repository interfaces.
15:10:24:590  INFO 12012 --- [main] o.s.cloud.context.scope.GenericScope     : BeanFactory id=779cf9c7-3f8d-3f40-8954-e792c6550341
15:10:27:288  INFO 12012 --- [main] com.alibaba.nacos.common.remote.client   : [RpcClientFactory] create a new rpc client of d682f5b0-a1ab-41b1-8d9d-4cb2c9bf4098
15:10:27:288  INFO 12012 --- [main] com.alibaba.nacos.common.remote.client   : [d682f5b0-a1ab-41b1-8d9d-4cb2c9bf4098] RpcClient init label, labels = {module=naming, source=sdk}
15:10:27:290  INFO 12012 --- [main] com.alibaba.nacos.common.remote.client   : [d682f5b0-a1ab-41b1-8d9d-4cb2c9bf4098] RpcClient init, ServerListFactory = com.alibaba.nacos.client.naming.core.ServerListManager
15:10:27:290  INFO 12012 --- [main] com.alibaba.nacos.common.remote.client   : [d682f5b0-a1ab-41b1-8d9d-4cb2c9bf4098] Registry connection listener to current client:com.alibaba.nacos.client.naming.remote.gprc.redo.NamingGrpcRedoService
15:10:27:290  INFO 12012 --- [main] com.alibaba.nacos.common.remote.client   : [d682f5b0-a1ab-41b1-8d9d-4cb2c9bf4098] Register server push request handler:com.alibaba.nacos.client.naming.remote.gprc.NamingPushRequestHandler
15:10:27:290  INFO 12012 --- [main] com.alibaba.nacos.common.remote.client   : [d682f5b0-a1ab-41b1-8d9d-4cb2c9bf4098] Try to connect to server on start up, server: {serverIp = '192.168.213.208', server main port = 8848}
15:10:27:417  INFO 12012 --- [main] com.alibaba.nacos.common.remote.client   : [d682f5b0-a1ab-41b1-8d9d-4cb2c9bf4098] Success to connect to server [192.168.213.208:8848] on start up, connectionId = 1717571427298_192.168.208.1_64328
15:10:27:417  INFO 12012 --- [main] com.alibaba.nacos.common.remote.client   : [d682f5b0-a1ab-41b1-8d9d-4cb2c9bf4098] Register server push request handler:com.alibaba.nacos.common.remote.client.RpcClient$ConnectResetRequestHandler
15:10:27:417  INFO 12012 --- [main] com.alibaba.nacos.common.remote.client   : [d682f5b0-a1ab-41b1-8d9d-4cb2c9bf4098] Register server push request handler:com.alibaba.nacos.common.remote.client.RpcClient$$Lambda$440/0x0000000800426440
15:10:27:417  INFO 12012 --- [com.alibaba.nacos.client.remote.worker] com.alibaba.nacos.common.remote.client   : [d682f5b0-a1ab-41b1-8d9d-4cb2c9bf4098] Notify connected event to listeners.
15:10:27:453  INFO 12012 --- [main] com.user.UserApplication                 : Started UserApplication in 6.097 seconds (JVM running for 6.784)
15:10:27:974  INFO 12012 --- [nacos-grpc-client-executor-4] com.alibaba.nacos.common.remote.client   : [d682f5b0-a1ab-41b1-8d9d-4cb2c9bf4098] Receive server push request, request = NotifySubscriberRequest, requestId = 82
15:10:27:984  INFO 12012 --- [nacos-grpc-client-executor-4] com.alibaba.nacos.common.remote.client   : [d682f5b0-a1ab-41b1-8d9d-4cb2c9bf4098] Ack server push request, request = NotifySubscriberRequest, requestId = 82
15:12:27:941  WARN 12012 --- [Thread-5] c.a.nacos.common.notify.NotifyCenter     : [NotifyCenter] Start destroying Publisher
15:12:27:941  WARN 12012 --- [Thread-5] c.a.nacos.common.notify.NotifyCenter     : [NotifyCenter] Destruction of the end
15:12:27:941  WARN 12012 --- [Thread-1] c.a.n.common.http.HttpClientBeanHolder   : [HttpClientBeanHolder] Start destroying common HttpClient
15:12:27:942  WARN 12012 --- [Thread-1] c.a.n.common.http.HttpClientBeanHolder   : [HttpClientBeanHolder] Destruction of the end
15:12:28:300  INFO 12012 --- [SpringApplicationShutdownHook] com.alibaba.nacos.common.remote.client   : Shutdown rpc client, set status to shutdown
15:12:28:300  INFO 12012 --- [SpringApplicationShutdownHook] com.alibaba.nacos.common.remote.client   : Shutdown client event executor java.util.concurrent.ScheduledThreadPoolExecutor@7be7968[Running, pool size = 2, active threads = 2, queued tasks = 0, completed tasks = 0]
15:12:28:300  INFO 12012 --- [SpringApplicationShutdownHook] com.alibaba.nacos.common.remote.client   : Close current connection 1717571427298_192.168.208.1_64328
15:12:28:302  INFO 12012 --- [nacos-grpc-client-executor-32] c.a.n.c.remote.client.grpc.GrpcClient    : [1717571427298_192.168.208.1_64328]Ignore complete event,isRunning:false,isAbandon=false
15:12:28:304  INFO 12012 --- [SpringApplicationShutdownHook] c.a.n.c.remote.client.grpc.GrpcClient    : Shutdown grpc executor java.util.concurrent.ThreadPoolExecutor@745edcf5[Running, pool size = 4, active threads = 0, queued tasks = 0, completed tasks = 33]
